TN:
SF:/Users/hagio/dev/udacity/sr_web/restaurant-reviewer/src/config/constants.js
FNF:0
FNH:0
DA:5,1
LF:1
LH:1
BRF:0
BRH:0
end_of_record
TN:
SF:/Users/hagio/dev/udacity/sr_web/restaurant-reviewer/src/redux/modules/users.js
FN:15,authenticateUser
FN:21,authenticationError
FN:28,fetchingUser
FN:34,fetchingUserFailure
FN:41,fetchingUserSuccess
FN:48,unauthUser
FN:62,usersReducer
FN:110,signoutUser
FN:111,(anonymous_9)
FN:117,signupUser
FN:118,(anonymous_11)
FN:120,(anonymous_12)
FN:132,(anonymous_13)
FN:141,signinUser
FN:142,(anonymous_15)
FN:144,(anonymous_16)
FN:154,(anonymous_17)
FNF:17
FNH:12
FNDA:2,authenticateUser
FNDA:3,authenticationError
FNDA:1,fetchingUser
FNDA:1,fetchingUserFailure
FNDA:2,fetchingUserSuccess
FNDA:2,unauthUser
FNDA:7,usersReducer
FNDA:1,signoutUser
FNDA:1,(anonymous_9)
FNDA:0,signupUser
FNDA:0,(anonymous_11)
FNDA:0,(anonymous_12)
FNDA:0,(anonymous_13)
FNDA:2,signinUser
FNDA:2,(anonymous_15)
FNDA:0,(anonymous_16)
FNDA:2,(anonymous_17)
DA:1,1
DA:2,1
DA:3,1
DA:4,1
DA:5,1
DA:7,1
DA:8,1
DA:9,1
DA:10,1
DA:11,1
DA:12,1
DA:16,2
DA:22,3
DA:29,1
DA:35,1
DA:42,2
DA:49,2
DA:54,1
DA:62,14
DA:63,7
DA:66,1
DA:72,1
DA:78,1
DA:83,1
DA:88,1
DA:94,1
DA:106,1
DA:111,1
DA:112,1
DA:113,1
DA:117,0
DA:118,0
DA:119,0
DA:123,0
DA:126,0
DA:128,0
DA:130,0
DA:136,0
DA:141,4
DA:142,2
DA:143,2
DA:147,0
DA:149,0
DA:151,0
DA:152,0
DA:157,2
DA:158,2
DA:159,0
DA:161,2
LF:49
LH:36
BRDA:62,1,0,1
BRDA:62,1,1,6
BRDA:62,2,0,7
BRDA:62,2,1,7
BRDA:65,3,0,1
BRDA:65,3,1,1
BRDA:65,3,2,1
BRDA:65,3,3,1
BRDA:65,3,4,1
BRDA:65,3,5,1
BRDA:65,3,6,1
BRDA:95,4,0,0
BRDA:95,4,1,1
BRDA:136,5,0,0
BRDA:136,5,1,0
BRDA:158,6,0,0
BRDA:158,6,1,2
BRDA:159,7,0,0
BRDA:159,7,1,0
BRF:19
BRH:13
end_of_record
